1584079332038	mozrunner::runner	INFO	Running command: "C:\\Program Files\\Mozilla Firefox\\firefox.exe" "-marionette" "-foreground" "-no-remote" "-profile" "C:\\Users\\Acer\\AppData\\Local\\Temp\\rust_mozprofile03J2Ym"
JavaScript error: jy4nu1m3gm1.cfg, line 2: ReferenceError: Components is not defined
1584079335320	Marionette	INFO	Listening on port 58186
1584079335426	Marionette	WARN	TLS certificate errors will be ignored for this session
1584079335476	Marionette	DEBUG	[6442450945] Frame script loaded
1584079335478	Marionette	DEBUG	[6442450945] Frame script registered
1584079335515	Marionette	DEBUG	[6442450945] Received DOM event beforeunload for about:blank
1584079335919	Marionette	DEBUG	[6442450945] Received DOM event pagehide for about:blank
1584079336085	Marionette	DEBUG	[6442450945] Received DOM event DOMContentLoaded for http://localhost:8000/froyo
1584079336088	Marionette	DEBUG	[6442450945] Received DOM event pageshow for http://localhost:8000/froyo
1584079336109	Marionette	INFO	Stopped listening on port 58186
1584079336155	addons.xpi	WARN	Exception running bootstrap method shutdown on activity-stream@mozilla.org: TypeError: setting getter-only property "_currentSearchHostname" (resource://activity-stream/lib/TopSitesFeed.jsm:86:5) JS Stack trace: uninit@TopSitesFeed.jsm:86:5
onAction@TopSitesFeed.jsm:707:9
_middleware/</<@Store.jsm:51:11
Store/this[method]@Store.jsm:29:55
uninit@Store.jsm:170:7
uninit@ActivityStream.jsm:363:5
uninit@resource://gre/modules/addons/XPIProvider.jsm -> jar:file:///C:/Program%20Files/Mozilla%20Firefox/browser/features/activity-stream@bootstrap.js:86:5
shutdown@resource://gre/modules/addons/XPIProvider.jsm -> jar:file:///C:/Program%20Files/Mozilla%20Firefox/browser/features/activity-stream@bootstrap.js:194:3
callBootstrapMethod@XPIProvider.jsm:1588:20
_shutdown@XPIProvider.jsm:1724:12
observe@AsyncShutdown.jsm:541:9
GeckoDriver.prototype.quit@driver.js:3319:3
despatch@server.js:297:20
execute@server.js:271:11
onPacket/<@server.js:246:15
onPacket@server.js:245:8
_onJSONObjectReady/<@transport.js:500:9
[Parent 20656, Gecko_IOThread] WARNING: pipe error: 109: file z:/build/build/src/ipc/chromium/src/chrome/common/ipc_channel_win.cc, line 346
[Child 13060, Chrome_ChildThread] WARNING: pipe error: 109: file z:/build/build/src/ipc/chromium/src/chrome/common/ipc_channel_win.cc, line 346
[Child 13060, Chrome_ChildThrea[Child 12124, Chrome_ChildThread] WARNING: pipe error: 109: file z:/build/build/src/ipc/chromium/src/chrome/common/ipc_channel_win.cc, line 346
[Child 12124, CJavaScript error: resource://gre/modules/Sqlite.jsm, line 841: Error: Connection is not open.
[GPU 325
###!!! [Child][MessageChannel::SendAndWait] Error: Channel error: cannot send/recv

1584262964931	mozrunner::runner	INFO	Running command: "C:\\Program Files\\Mozilla Firefox\\firefox.exe" "-marionette" "-foreground" "-no-remote" "-profile" "C:\\Users\\Acer\\AppData\\Local\\Temp\\rust_mozprofileKxfuDi"
JavaScript error: jy4nu1m3gm1.cfg, line 2: ReferenceError: Components is not defined
1584262967379	Marionette	INFO	Listening on port 60452
1584262967663	Marionette	WARN	TLS certificate errors will be ignored for this session
1584262967698	Marionette	DEBUG	[6442450945] Frame script loaded
1584262967703	Marionette	DEBUG	[6442450945] Frame script registered
1584262967738	Marionette	DEBUG	[6442450945] Received DOM event beforeunload for about:blank
1584262968188	Marionette	DEBUG	[6442450945] Received DOM event pagehide for about:blank
1584262968356	Marionette	DEBUG	[6442450945] Received DOM event DOMContentLoaded for http://localhost:8000/froyo
1584262968360	Marionette	DEBUG	[6442450945] Received DOM event pageshow for http://localhost:8000/froyo
1584262968384	Marionette	INFO	Stopped listening on port 60452
1584262968476	addons.xpi	WARN	Exception running bootstrap method shutdown on activity-stream@mozilla.org: TypeError: setting getter-only property "_currentSearchHostname" (resource://activity-stream/lib/TopSitesFeed.jsm:86:5) JS Stack trace: uninit@TopSitesFeed.jsm:86:5
onAction@TopSitesFeed.jsm:707:9
_middleware/</<@Store.jsm:51:11
Store/this[method]@Store.jsm:29:55
uninit@Store.jsm:170:7
uninit@ActivityStream.jsm:363:5
uninit@resource://gre/modules/addons/XPIProvider.jsm -> jar:file:///C:/Program%20Files/Mozilla%20Firefox/browser/features/activity-stream@bootstrap.js:86:5
shutdown@resource://gre/modules/addons/XPIProvider.jsm -> jar:file:///C:/Program%20Files/Mozilla%20Firefox/browser/features/activity-stream@bootstrap.js:194:3
callBootstrapMethod@XPIProvider.jsm:1588:20
_shutdown@XPIProvider.jsm:1724:12
flushAllWindowsAsync@SessionStore.jsm:1697:7
ssi_onQuitApplicationGranted/<@SessionStore.jsm:1624:27
trigger@AsyncShutdown.jsm:710:23
_wait@AsyncShutdown.jsm:857:7
wait@AsyncShutdown.jsm:841:28
observe@AsyncShutdown.jsm:524:17
GeckoDriver.prototype.quit@driver.js:3319:3
despatch@server.js:297:20
execute@server.js:271:11
onPacket/<@server.js:246:15
onPacket@server.js:245:8
_onJSONObjectReady/<@transport.js:500:9
[Child 29484, Chrome_ChildThread] WARNING: pipe error: 109: file z:/build/build/src/ipc/chromium/src/chrome/common/ipc_channel_win.cc, line 346
[Child 29484, C[Child 31872, Chrome_ChildThread] WARNING: pipe error: 109: file z:/build/build/src/ipc/chromium/src/chrome/common/ipc_channel_win.cc, line 346
[Child 318[Parent 8180, Gecko_IOThread] WARNING: pipe error: 109: file z:/build/build/src/ipc/chromium/src/chrome/common/ipc_channel_win.cc, line 346
[Child 28204, Chrome_ChildThread] WARNING: pipe error: 109: file z:/build/build/src/ipc/chromium/src/chrome/common/ipc_channel_win.cc, line 346
[Child 28204, CJavaScript error: resource://gre/modules/Sqlite.jsm, line 841: Error: Connection is not open.
[GPU 7188, Chrome_ChildThread] WARNING: pipe error: 109: file z:/build/bu1584624285077	mozrunner::runner	INFO	Running command: "C:\\Program Files\\Mozilla Firefox\\firefox.exe" "-marionette" "-foreground" "-no-remote" "-profile" "C:\\Users\\Acer\\AppData\\Local\\Temp\\rust_mozprofileDEB4TM"
JavaScript error: jy4nu1m3gm1.cfg, line 2: ReferenceError: Components is not defined
1584624290268	Marionette	INFO	Listening on port 53729
1584624290748	Marionette	WARN	TLS certificate errors will be ignored for this session
1584624290827	Marionette	DEBUG	[6442450945] Frame script loaded
1584624290832	Marionette	DEBUG	[6442450945] Frame script registered
1584624290911	Marionette	DEBUG	[6442450945] Received DOM event beforeunload for about:blank
1584624292270	Marionette	DEBUG	[6442450945] Received DOM event beforeunload for about:blank
1584624292272	Marionette	DEBUG	[6442450945] Received DOM event pagehide for about:blank
1584624292532	Marionette	DEBUG	[6442450945] Received DOM event DOMContentLoaded for about:neterror?e=connectionFailure&u=http%3A//localhost%3A8000/froyo&c=UTF-8&f=regular&d=Firefox%20can%E2%80%99t%20establish%20a%20connection%20to%20the%20server%20at%20localhost%3A8000.
1584624292547	Marionette	INFO	Stopped listening on port 53729
[Child 15844, Chrome_ChildThread] WARNING: pipe error: 109: file z:/build/build/src/ipc/chromium/src/chrome/common/ipc_channel_win.cc, line 346
[Child 15844, Chr[Child 13524, Chrome_ChildThread] WARNING: pipe error: 109: file z:/build/build/src/ipc/chromium/src/chrome/common/ipc_channel_win.cc, line 346
[Child 13524, Chrome_ChildThread][GPU 2760, Chrome_ChildThread] WARNING: pipe error: 109: file z:/build/build/src/ipc/chromium/src/c
###!!! [Child][MessageChannel::SendAndWait] Error: Channel error: cannot send/recv

1584624330641	mozrunner::runner	INFO	Running command: "C:\\Program Files\\Mozilla Firefox\\firefox.exe" "-marionette" "-foreground" "-no-remote" "-profile" "C:\\Users\\Acer\\AppData\\Local\\Temp\\rust_mozprofileaqUwLu"
JavaScript error: jy4nu1m3gm1.cfg, line 2: ReferenceError: Components is not defined
1584624334543	Marionette	INFO	Listening on port 53883
1584624334985	Marionette	WARN	TLS certificate errors will be ignored for this session
1584624335050	Marionette	DEBUG	[6442450945] Frame script loaded
1584624335054	Marionette	DEBUG	[6442450945] Frame script registered
1584624335102	Marionette	DEBUG	[6442450945] Received DOM event beforeunload for about:blank
1584624335585	Marionette	DEBUG	[6442450945] Received DOM event pagehide for about:blank
1584624335792	Marionette	DEBUG	[6442450945] Received DOM event DOMContentLoaded for http://localhost:8000/froyo
1584624335798	Marionette	DEBUG	[6442450945] Received DOM event pageshow for http://localhost:8000/froyo
1584624335840	Marionette	INFO	Stopped listening on port 53883
1584624335909	addons.xpi	WARN	Exception running bootstrap method shutdown on activity-stream@mozilla.org: TypeError: setting getter-only property "_currentSearchHostname" (resource://activity-stream/lib/TopSitesFeed.jsm:86:5) JS Stack trace: uninit@TopSitesFeed.jsm:86:5
onAction@TopSitesFeed.jsm:707:9
_middleware/</<@Store.jsm:51:11
Store/this[method]@Store.jsm:29:55
uninit@Store.jsm:170:7
uninit@ActivityStream.jsm:363:5
uninit@resource://gre/modules/addons/XPIProvider.jsm -> jar:file:///C:/Program%20Files/Mozilla%20Firefox/browser/features/activity-stream@bootstrap.js:86:5
shutdown@resource://gre/modules/addons/XPIProvider.jsm -> jar:file:///C:/Program%20Files/Mozilla%20Firefox/browser/features/activity-stream@bootstrap.js:194:3
callBootstrapMethod@XPIProvider.jsm:1588:20
_shutdown@XPIProvider.jsm:1724:12
flushAllWindowsAsync@SessionStore.jsm:1697:7
ssi_onQuitApplicationGranted/<@SessionStore.jsm:1624:27
trigger@AsyncShutdown.jsm:710:23
_wait@AsyncShutdown.jsm:857:7
wait@AsyncShutdown.jsm:841:28
observe@AsyncShutdown.jsm:524:17
GeckoDriver.prototype.quit@driver.js:3319:3
despatch@server.js:297:20
execute@server.js:271:11
onPacket/<@server.js:246:15
onPacket@server.js:245:8
_onJSONObjectReady/<@transport.js:500:9
[Child 6316, Chrome_ChildThread] WARNING: pipe error: 109: file z:/build/build/src/ipc/chromium/src/chrome/common/ipc_channel_win.cc, line 346
[Child 63[Child 14832, Chrome_ChildThread] WARNING: pipe error: 109: file z:/build/build/src/ipc/chromium/src/chrome/common/ipc_channel_win.cc, line 346
[Child 14832, Chrome_ChildThread] JavaScript error: resource://gre/modules/Sqlite.jsm, line 841: Error: Connection is not open.

###!!! [Child][MessageChannel::SendAndWait] Error: Channel error: cannot send/recv

